<?xml version="1.0" encoding="UTF-8"?>
<!-- Generated by org.testng.reporters.JUnitReportReporter -->
<testsuite skipped="0" hostname="DESKTOP-UGQ32GM" name="org.oauth.CourseDetails" tests="1" failures="0" timestamp="30 Aug 2022 07:01:55 GMT" time="5.343" errors="0">
  <testcase name="Courses" time="5.343" classname="org.oauth.CourseDetails"/>
</testsuite> <!-- org.oauth.CourseDetails -->
