<?xml version="1.0" encoding="UTF-8"?>
<!-- Generated by org.testng.reporters.JUnitReportReporter -->
<testsuite skipped="0" hostname="DESKTOP-UGQ32GM" name="org.oauth.Courses" tests="1" failures="0" timestamp="30 Aug 2022 10:26:33 GMT" time="7.383" errors="0">
  <testcase name="accesstoken" time="7.383" classname="org.oauth.Courses"/>
</testsuite> <!-- org.oauth.Courses -->
