<?xml version="1.0" encoding="UTF-8"?>
<!-- Generated by org.testng.reporters.JUnitReportReporter -->
<testsuite skipped="0" hostname="DESKTOP-UGQ32GM" name="testngAPI.Restassured" tests="6" failures="0" timestamp="26 Aug 2022 04:35:49 GMT" time="17.039" errors="0">
  <testcase name="addPet" time="7.117" classname="testngAPI.Restassured"/>
  <testcase name="addPet" time="1.781" classname="testngAPI.Restassured"/>
  <testcase name="addPet" time="2.222" classname="testngAPI.Restassured"/>
  <testcase name="Petget" time="2.136" classname="testngAPI.Restassured"/>
  <testcase name="updatePet" time="1.883" classname="testngAPI.Restassured"/>
  <testcase name="FindPet" time="1.900" classname="testngAPI.Restassured"/>
</testsuite> <!-- testngAPI.Restassured -->
