<?xml version="1.0" encoding="UTF-8"?>
<!-- Generated by org.testng.reporters.JUnitReportReporter -->
<testsuite skipped="0" hostname="DESKTOP-UGQ32GM" name="org.flipkart.stepdefinition.Nakuri" tests="6" failures="0" timestamp="04 Aug 2022 15:49:43 GMT" time="9.652" errors="0">
  <testcase name="Reg" time="0.327" classname="org.flipkart.stepdefinition.Nakuri"/>
  <testcase name="field1" time="2.377" classname="org.flipkart.stepdefinition.Nakuri"/>
  <testcase name="field2" time="0.303" classname="org.flipkart.stepdefinition.Nakuri"/>
  <testcase name="field3" time="0.175" classname="org.flipkart.stepdefinition.Nakuri"/>
  <testcase name="field4" time="0.170" classname="org.flipkart.stepdefinition.Nakuri"/>
  <testcase name="uploadregister" time="6.300" classname="org.flipkart.stepdefinition.Nakuri"/>
</testsuite> <!-- org.flipkart.stepdefinition.Nakuri -->
